<?xml version="1.0" encoding="UTF-8"?>
<testsuite xmlns:xsi="http://www.w3.org/2001/XMLSchema-instance" xsi:noNamespaceSchemaLocation="https://maven.apache.org/surefire/maven-surefire-plugin/xsd/surefire-test-report.xsd" version="3.0.1" name="TestSuite" time="129.289" tests="3" errors="0" skipped="0" failures="0">
  <properties>
[...]
</properties>
  <testcase name="train" classname="Testcases.Errorvalidation" time="33.934">
    <system-err><![CDATA[SLF4J(W): No SLF4J providers were found.
SLF4J(W): Defaulting to no-operation (NOP) logger implementation
SLF4J(W): See https://www.slf4j.org/codes.html#noProviders for further details.
Apr 11, 2025 10:50:48 PM org.openqa.selenium.devtools.CdpVersionFinder findNearestMatch
WARNING: Unable to find an exact match for CDP version 135, returning the closest version; found: 134; Please update to a Selenium version that supports CDP version 135
]]></system-err>
  </testcase>
  <testcase name="train1" classname="Testcases.Errorvalidation" time="18.684">
    <system-err><![CDATA[Apr 11, 2025 10:51:05 PM org.openqa.selenium.devtools.CdpVersionFinder findNearestMatch
WARNING: Unable to find an exact match for CDP version 135, returning the closest version; found: 134; Please update to a Selenium version that supports CDP version 135
]]></system-err>
  </testcase>
  <testcase name="train" classname="Testcases.Main" time="74.187">
    <system-out><![CDATA[IRCTC Bus - Online Bus Ticket Booking | Bus Reservation
FLIGHTS
HOTELS
RAIL DRISHTI
E-CATERING
BUS
HOLIDAY PACKAGES
TOURIST TRAIN
HILL RAILWAYS
CHARTER TRAIN
GALLERY
10
https://www.air.irctc.co.in/200
https://www.hotels.irctc.co.in200
https://raildrishti.indianrailways.gov.in/200
https://www.ecatering.irctc.co.in/200
https://www.bus.irctc.co.in/home200
https://www.irctctourism.com/tourpacakage_search?searchKey=&tagType=&travelType=&category=200
https://www.irctctourism.com/bharatgaurav200
https://www.irctctourism.com/gallery/200
https://www.ftr.irctc.co.in/ftr/200
https://www.irctctourism.com/gallery/200
]]></system-out>
    <system-err><![CDATA[Apr 11, 2025 10:51:21 PM org.openqa.selenium.devtools.CdpVersionFinder findNearestMatch
WARNING: Unable to find an exact match for CDP version 135, returning the closest version; found: 134; Please update to a Selenium version that supports CDP version 135
]]></system-err>
  </testcase>
</testsuite>