<?xml version="1.0" encoding="UTF-8"?>
<testng-results ignored="0" total="1" passed="1" failed="0" skipped="0">
  <reporter-output>
  </reporter-output>
  <suite started-at="2025-04-11T22:57:17 IST" name="Default suite" finished-at="2025-04-11T22:57:29 IST" duration-ms="12327">
    <groups>
      <group name="cucumber">
        <method signature="AbstractTestNGCucumberTests.runScenario(io.cucumber.testng.PickleWrapper,io.cucumber.testng.FeatureWrapper)[pri:0, instance:Cucumber.CucumberRunner@6be968ce]" name="runScenario" class="io.cucumber.testng.AbstractTestNGCucumberTests"/>
      </group> <!-- cucumber -->
    </groups>
    <test started-at="2025-04-11T22:57:17 IST" name="Default test" finished-at="2025-04-11T22:57:29 IST" duration-ms="12327">
      <class name="Cucumber.CucumberRunner">
        <test-method is-config="true" signature="setUpClass(org.testng.ITestContext)[pri:0, instance:Cucumber.CucumberRunner@6be968ce]" started-at="2025-04-11T22:57:17 IST" name="setUpClass" finished-at="2025-04-11T22:57:18 IST" duration-ms="615" status="PASS">
          <params>
            <param index="0">
              <value>
                <![CDATA[org.testng.TestRunner@6b8280e6]]>
              </value>
            </param>
          </params>
          <reporter-output>
          </reporter-output>
        </test-method> <!-- setUpClass -->
        <test-method signature="runScenario(io.cucumber.testng.PickleWrapper,io.cucumber.testng.FeatureWrapper)[pri:0, instance:Cucumber.CucumberRunner@6be968ce]" started-at="2025-04-11T22:57:18 IST" name="runScenario" description="Runs Cucumber Scenarios" data-provider="scenarios" finished-at="2025-04-11T22:57:29 IST" duration-ms="11636" status="PASS">
          <params>
            <param index="0">
              <value>
                <![CDATA["Starting station input validation"]]>
              </value>
            </param>
            <param index="1">
              <value>
                <![CDATA["IRCTC Train Page Validations"]]>
              </value>
            </param>
          </params>
          <reporter-output>
          </reporter-output>
        </test-method> <!-- runScenario -->
        <test-method is-config="true" signature="tearDownClass()[pri:0, instance:Cucumber.CucumberRunner@6be968ce]" started-at="2025-04-11T22:57:29 IST" name="tearDownClass" finished-at="2025-04-11T22:57:29 IST" duration-ms="28" status="PASS">
          <reporter-output>
          </reporter-output>
        </test-method> <!-- tearDownClass -->
      </class> <!-- Cucumber.CucumberRunner -->
    </test> <!-- Default test -->
  </suite> <!-- Default suite -->
</testng-results>
